Arguments: 
  /Users/jbritton/.nvm/versions/node/v16.18.1/bin/node /Users/jbritton/.cache/node/corepack/yarn/1.22.4/bin/yarn.js init

PATH: 
  /Users/jbritton/.nvm/versions/node/v16.18.1/bin:/opt/homebrew/bin:/usr/local/bin:/usr/bin:/bin:/usr/sbin:/sbin

Yarn version: 
  1.22.4

Node version: 
  16.18.1

Platform: 
  darwin arm64

Trace: 
  Error: canceled
      at Interface.<anonymous> (/Users/jbritton/.cache/node/corepack/yarn/1.22.4/lib/cli.js:137008:13)
      at Interface.emit (node:events:513:28)
      at Interface._ttyWrite (node:readline:1085:16)
      at ReadStream.onkeypress (node:readline:291:10)
      at ReadStream.emit (node:events:513:28)
      at emitKeys (node:internal/readline/utils:357:14)
      at emitKeys.next (<anonymous>)
      at ReadStream.onData (node:internal/readline/emitKeypressEvents:61:36)
      at ReadStream.emit (node:events:513:28)
      at addChunk (node:internal/streams/readable:315:12)

npm manifest: 
  No manifest

yarn manifest: 
  No manifest

Lockfile: 
  No lockfile
